android/app/build/intermediates/manifest_merge_blame_file/release/processReleaseMainManifest/manifest-merger-blame-release-report.txt
1<?xml version="1.0" encoding="utf-8"?>
2<manifest xmlns:android="http://schemas.android.com/apk/res/android"
3    package="br.org.cieib.app"
4    android:versionCode="1"
5    android:versionName="1.0.0" >
6
7    <uses-sdk
8        android:minSdkVersion="24"
9        android:targetSdkVersion="36" />
10
11    <uses-permission android:name="android.permission.INTERNET" />
11-->src\main\AndroidManifest.xml:4:5-67
11-->src\main\AndroidManifest.xml:4:22-64
12    <uses-permission android:name="android.permission.ACCESS_NETWORK_STATE" />
12-->src\main\AndroidManifest.xml:5:5-79
12-->src\main\AndroidManifest.xml:5:22-76
13    <uses-permission android:name="android.permission.POST_NOTIFICATIONS" />
13-->src\main\AndroidManifest.xml:6:5-77
13-->src\main\AndroidManifest.xml:6:22-74
14    <uses-permission android:name="android.permission.WAKE_LOCK" />
14-->src\main\AndroidManifest.xml:7:5-68
14-->src\main\AndroidManifest.xml:7:22-65
15
16    <queries>
16-->[com.google.androidbrowserhelper:androidbrowserhelper:2.5.0] AndroidManifest.xml:26:5-34:15
17        <intent>
17-->[com.google.androidbrowserhelper:androidbrowserhelper:2.5.0] AndroidManifest.xml:27:9-33:18
18            <action android:name="android.intent.action.VIEW" />
18-->src\main\AndroidManifest.xml:81:17-69
18-->src\main\AndroidManifest.xml:81:25-66
19
20            <category android:name="android.intent.category.BROWSABLE" />
20-->src\main\AndroidManifest.xml:83:17-78
20-->src\main\AndroidManifest.xml:83:27-75
21
22            <data android:scheme="https" />
22-->src\main\AndroidManifest.xml:85:21-43
23        </intent>
24    </queries>
25
26    <permission
26-->[androidx.core:core:1.13.0] AndroidManifest.xml:22:5-24:47
27        android:name="br.org.cieib.app.DYNAMIC_RECEIVER_NOT_EXPORTED_PERMISSION"
27-->[androidx.core:core:1.13.0] AndroidManifest.xml:23:9-81
28        android:protectionLevel="signature" />
28-->[androidx.core:core:1.13.0] AndroidManifest.xml:24:9-44
29
30    <uses-permission android:name="br.org.cieib.app.DYNAMIC_RECEIVER_NOT_EXPORTED_PERMISSION" />
30-->[androidx.core:core:1.13.0] AndroidManifest.xml:26:5-97
30-->[androidx.core:core:1.13.0] AndroidManifest.xml:26:22-94
31
32    <application
33        android:name="android.app.Application"
33-->src\main\AndroidManifest.xml:10:9-47
34        android:allowBackup="true"
34-->src\main\AndroidManifest.xml:11:9-35
35        android:appComponentFactory="androidx.core.app.CoreComponentFactory"
35-->[androidx.core:core:1.13.0] AndroidManifest.xml:28:18-86
36        android:extractNativeLibs="false"
37        android:icon="@mipmap/ic_launcher"
37-->src\main\AndroidManifest.xml:12:9-43
38        android:label="CIEIB"
38-->src\main\AndroidManifest.xml:14:9-40
39        android:networkSecurityConfig="@xml/network_security_config"
39-->src\main\AndroidManifest.xml:17:9-69
40        android:roundIcon="@mipmap/ic_launcher_round"
40-->src\main\AndroidManifest.xml:13:9-54
41        android:supportsRtl="true"
41-->src\main\AndroidManifest.xml:15:9-35
42        android:theme="@style/Theme.CIEIB"
42-->src\main\AndroidManifest.xml:16:9-43
43        android:usesCleartextTraffic="false" >
43-->src\main\AndroidManifest.xml:18:9-45
44        <meta-data
45            android:name="asset_statements"
45-->src\main\AndroidManifest.xml:21:13-44
46            android:value="[{&quot;relation&quot;: [&quot;delegate_permission/common.handle_all_urls&quot;], &quot;target&quot;: {&quot;namespace&quot;: &quot;web&quot;, &quot;site&quot;: &quot;https://cieib.org.br&quot;}}]" />
46-->src\main\AndroidManifest.xml:22:13-47
47
48        <!-- TWA Launcher Activity -->
49        <activity
50            android:name="com.google.androidbrowserhelper.trusted.LauncherActivity"
50-->src\main\AndroidManifest.xml:26:13-84
51            android:exported="true"
51-->src\main\AndroidManifest.xml:27:13-36
52            android:label="CIEIB"
52-->src\main\AndroidManifest.xml:28:13-44
53            android:theme="@style/Theme.CIEIB.Splash" >
53-->src\main\AndroidManifest.xml:29:13-54
54            <meta-data
55                android:name="android.support.customtabs.trusted.DEFAULT_URL"
55-->src\main\AndroidManifest.xml:32:17-78
56                android:value="https://cieib.org.br" />
56-->src\main\AndroidManifest.xml:33:17-46
57            <meta-data
58                android:name="android.support.customtabs.trusted.STATUS_BAR_COLOR"
58-->src\main\AndroidManifest.xml:36:17-83
59                android:value="#1a3a5c" />
59-->src\main\AndroidManifest.xml:37:17-46
60            <meta-data
61                android:name="android.support.customtabs.trusted.NAVIGATION_BAR_COLOR"
61-->src\main\AndroidManifest.xml:40:17-87
62                android:value="#0f2440" />
62-->src\main\AndroidManifest.xml:41:17-51
63            <meta-data
64                android:name="android.support.customtabs.trusted.NAVIGATION_BAR_COLOR_DARK"
64-->src\main\AndroidManifest.xml:44:17-92
65                android:value="#0f2440" />
65-->src\main\AndroidManifest.xml:45:17-55
66            <meta-data
67                android:name="android.support.customtabs.trusted.NAVIGATION_BAR_DIVIDER_COLOR"
67-->src\main\AndroidManifest.xml:48:17-95
68                android:value="#00000000" />
68-->src\main\AndroidManifest.xml:49:17-58
69            <meta-data
70                android:name="android.support.customtabs.trusted.NAVIGATION_BAR_DIVIDER_COLOR_DARK"
70-->src\main\AndroidManifest.xml:52:17-100
71                android:value="#00000000" />
71-->src\main\AndroidManifest.xml:53:17-62
72            <meta-data
72-->src\main\AndroidManifest.xml:55:13-57:55
73                android:name="android.support.customtabs.trusted.SPLASH_IMAGE_DRAWABLE"
73-->src\main\AndroidManifest.xml:56:17-88
74                android:resource="@drawable/splash" />
74-->src\main\AndroidManifest.xml:57:17-52
75            <meta-data
76                android:name="android.support.customtabs.trusted.SPLASH_SCREEN_BACKGROUND_COLOR"
76-->src\main\AndroidManifest.xml:60:17-97
77                android:value="#1a3a5c" />
77-->src\main\AndroidManifest.xml:61:17-51
78            <meta-data
79                android:name="android.support.customtabs.trusted.SPLASH_SCREEN_FADE_OUT_DURATION"
79-->src\main\AndroidManifest.xml:64:17-98
80                android:value="300" />
80-->src\main\AndroidManifest.xml:65:17-63
81            <meta-data
82                android:name="android.support.customtabs.trusted.FILE_PROVIDER_AUTHORITY"
82-->src\main\AndroidManifest.xml:68:17-90
83                android:value="br.org.cieib.app.fileprovider" />
83-->src\main\AndroidManifest.xml:69:17-62
84            <meta-data
84-->src\main\AndroidManifest.xml:71:13-73:56
85                android:name="android.support.customtabs.trusted.FALLBACK_STRATEGY"
85-->src\main\AndroidManifest.xml:72:17-84
86                android:value="@string/fallbackType" />
86-->src\main\AndroidManifest.xml:73:17-53
87
88            <intent-filter>
88-->src\main\AndroidManifest.xml:75:13-78:29
89                <action android:name="android.intent.action.MAIN" />
89-->src\main\AndroidManifest.xml:76:17-69
89-->src\main\AndroidManifest.xml:76:25-66
90
91                <category android:name="android.intent.category.LAUNCHER" />
91-->src\main\AndroidManifest.xml:77:17-77
91-->src\main\AndroidManifest.xml:77:27-74
92            </intent-filter>
93            <intent-filter android:autoVerify="true" >
93-->src\main\AndroidManifest.xml:80:13-87:29
93-->src\main\AndroidManifest.xml:80:28-53
94                <action android:name="android.intent.action.VIEW" />
94-->src\main\AndroidManifest.xml:81:17-69
94-->src\main\AndroidManifest.xml:81:25-66
95
96                <category android:name="android.intent.category.DEFAULT" />
96-->src\main\AndroidManifest.xml:82:17-76
96-->src\main\AndroidManifest.xml:82:27-73
97                <category android:name="android.intent.category.BROWSABLE" />
97-->src\main\AndroidManifest.xml:83:17-78
97-->src\main\AndroidManifest.xml:83:27-75
98
99                <data
100                    android:host="cieib.org.br"
100-->src\main\AndroidManifest.xml:86:21-47
101                    android:scheme="https" />
101-->src\main\AndroidManifest.xml:85:21-43
102            </intent-filter>
103        </activity>
104
105        <!-- Notification Delegation -->
106        <activity
107            android:name="com.google.androidbrowserhelper.trusted.NotificationPermissionRequestActivity"
107-->src\main\AndroidManifest.xml:91:19-111
108            android:enabled="true"
108-->src\main\AndroidManifest.xml:92:13-53
109            android:exported="false" />
109-->src\main\AndroidManifest.xml:93:13-37
110
111        <service
112            android:name="com.google.androidbrowserhelper.trusted.DelegationService"
112-->src\main\AndroidManifest.xml:96:13-85
113            android:enabled="true"
113-->src\main\AndroidManifest.xml:97:13-53
114            android:exported="true" >
114-->src\main\AndroidManifest.xml:98:13-54
115            <intent-filter>
115-->src\main\AndroidManifest.xml:99:13-102:29
116                <action android:name="android.support.customtabs.trusted.TRUSTED_WEB_ACTIVITY_SERVICE" />
116-->src\main\AndroidManifest.xml:100:17-106
116-->src\main\AndroidManifest.xml:100:25-103
117
118                <category android:name="android.intent.category.DEFAULT" />
118-->src\main\AndroidManifest.xml:82:17-76
118-->src\main\AndroidManifest.xml:82:27-73
119            </intent-filter>
120        </service>
121
122        <activity
122-->src\main\AndroidManifest.xml:105:9-107:40
123            android:name="com.google.androidbrowserhelper.trusted.FocusActivity"
123-->src\main\AndroidManifest.xml:106:13-81
124            android:exported="false" />
124-->src\main\AndroidManifest.xml:107:13-37
125
126        <!-- File Provider for splash screen -->
127        <provider
128            android:name="androidx.core.content.FileProvider"
128-->src\main\AndroidManifest.xml:111:13-62
129            android:authorities="br.org.cieib.app.fileprovider"
129-->src\main\AndroidManifest.xml:112:13-64
130            android:exported="false"
130-->src\main\AndroidManifest.xml:114:13-37
131            android:grantUriPermissions="true" >
131-->src\main\AndroidManifest.xml:113:13-47
132            <meta-data
132-->src\main\AndroidManifest.xml:115:13-117:53
133                android:name="android.support.FILE_PROVIDER_PATHS"
133-->src\main\AndroidManifest.xml:116:17-67
134                android:resource="@xml/filepaths" />
134-->src\main\AndroidManifest.xml:117:17-50
135        </provider>
136        <provider
136-->[androidx.emoji2:emoji2:1.3.0] AndroidManifest.xml:24:9-32:20
137            android:name="androidx.startup.InitializationProvider"
137-->[androidx.emoji2:emoji2:1.3.0] AndroidManifest.xml:25:13-67
138            android:authorities="br.org.cieib.app.androidx-startup"
138-->[androidx.emoji2:emoji2:1.3.0] AndroidManifest.xml:26:13-68
139            android:exported="false" >
139-->[androidx.emoji2:emoji2:1.3.0] AndroidManifest.xml:27:13-37
140            <meta-data
140-->[androidx.emoji2:emoji2:1.3.0] AndroidManifest.xml:29:13-31:52
141                android:name="androidx.emoji2.text.EmojiCompatInitializer"
141-->[androidx.emoji2:emoji2:1.3.0] AndroidManifest.xml:30:17-75
142                android:value="androidx.startup" />
142-->[androidx.emoji2:emoji2:1.3.0] AndroidManifest.xml:31:17-49
143            <meta-data
143-->[androidx.lifecycle:lifecycle-process:2.6.2] AndroidManifest.xml:29:13-31:52
144                android:name="androidx.lifecycle.ProcessLifecycleInitializer"
144-->[androidx.lifecycle:lifecycle-process:2.6.2] AndroidManifest.xml:30:17-78
145                android:value="androidx.startup" />
145-->[androidx.lifecycle:lifecycle-process:2.6.2] AndroidManifest.xml:31:17-49
146            <meta-data
146-->[androidx.profileinstaller:profileinstaller:1.3.1] AndroidManifest.xml:29:13-31:52
147                android:name="androidx.profileinstaller.ProfileInstallerInitializer"
147-->[androidx.profileinstaller:profileinstaller:1.3.1] AndroidManifest.xml:30:17-85
148                android:value="androidx.startup" />
148-->[androidx.profileinstaller:profileinstaller:1.3.1] AndroidManifest.xml:31:17-49
149        </provider>
150
151        <receiver
151-->[androidx.profileinstaller:profileinstaller:1.3.1] AndroidManifest.xml:34:9-52:20
152            android:name="androidx.profileinstaller.ProfileInstallReceiver"
152-->[androidx.profileinstaller:profileinstaller:1.3.1] AndroidManifest.xml:35:13-76
153            android:directBootAware="false"
153-->[androidx.profileinstaller:profileinstaller:1.3.1] AndroidManifest.xml:36:13-44
154            android:enabled="true"
154-->[androidx.profileinstaller:profileinstaller:1.3.1] AndroidManifest.xml:37:13-35
155            android:exported="true"
155-->[androidx.profileinstaller:profileinstaller:1.3.1] AndroidManifest.xml:38:13-36
156            android:permission="android.permission.DUMP" >
156-->[androidx.profileinstaller:profileinstaller:1.3.1] AndroidManifest.xml:39:13-57
157            <intent-filter>
157-->[androidx.profileinstaller:profileinstaller:1.3.1] AndroidManifest.xml:40:13-42:29
158                <action android:name="androidx.profileinstaller.action.INSTALL_PROFILE" />
158-->[androidx.profileinstaller:profileinstaller:1.3.1] AndroidManifest.xml:41:17-91
158-->[androidx.profileinstaller:profileinstaller:1.3.1] AndroidManifest.xml:41:25-88
159            </intent-filter>
160            <intent-filter>
160-->[androidx.profileinstaller:profileinstaller:1.3.1] AndroidManifest.xml:43:13-45:29
161                <action android:name="androidx.profileinstaller.action.SKIP_FILE" />
161-->[androidx.profileinstaller:profileinstaller:1.3.1] AndroidManifest.xml:44:17-85
161-->[androidx.profileinstaller:profileinstaller:1.3.1] AndroidManifest.xml:44:25-82
162            </intent-filter>
163            <intent-filter>
163-->[androidx.profileinstaller:profileinstaller:1.3.1] AndroidManifest.xml:46:13-48:29
164                <action android:name="androidx.profileinstaller.action.SAVE_PROFILE" />
164-->[androidx.profileinstaller:profileinstaller:1.3.1] AndroidManifest.xml:47:17-88
164-->[androidx.profileinstaller:profileinstaller:1.3.1] AndroidManifest.xml:47:25-85
165            </intent-filter>
166            <intent-filter>
166-->[androidx.profileinstaller:profileinstaller:1.3.1] AndroidManifest.xml:49:13-51:29
167                <action android:name="androidx.profileinstaller.action.BENCHMARK_OPERATION" />
167-->[androidx.profileinstaller:profileinstaller:1.3.1] AndroidManifest.xml:50:17-95
167-->[androidx.profileinstaller:profileinstaller:1.3.1] AndroidManifest.xml:50:25-92
168            </intent-filter>
169        </receiver>
170    </application>
171
172</manifest>